
SASHA-I7	Thu Sep 26 14:18:43 2019
	Sweep is started by SWEEPER
	Database "X:\OCEANSHELL\SUPPORTTABLES.FDB" 
	OIT 16, OAT 21523, OST 21523, Next 21523


SASHA-I7	Thu Sep 26 14:18:43 2019
	Sweep is finished
	Database "X:\OCEANSHELL\SUPPORTTABLES.FDB" 
	OIT 21522, OAT 21523, OST 21523, Next 21528


SASHA-I7	Thu Sep 26 15:37:11 2019
	Sweep is started by SWEEPER
	Database "X:\OCEANSHELL\SUPPORTTABLES.FDB" 
	OIT 36628, OAT 63146, OST 63146, Next 63146


SASHA-I7	Thu Sep 26 15:37:11 2019
	Sweep is finished
	Database "X:\OCEANSHELL\SUPPORTTABLES.FDB" 
	OIT 63145, OAT 63146, OST 63146, Next 63151


SASHA-I7	Mon Oct 21 10:58:13 2019
	Sweep is started by SWEEPER
	Database "X:\OCEANSHELL\SUPPORTTABLES.FDB" 
	OIT 1074, OAT 223805, OST 223805, Next 223805


SASHA-I7	Mon Oct 21 10:58:13 2019
	Sweep is finished
	Database "X:\OCEANSHELL\SUPPORTTABLES.FDB" 
	OIT 223804, OAT 223805, OST 223805, Next 223818


GFI6100290	Wed Nov 06 13:22:38 2019
	Sweep is started by SWEEPER
	Database "C:\USERS\AKO071\AK\OCEANSHELL-GIT\OCEANSHELL\DATABASES\GLODAPV2_2019_PRODUCT.FDB" 
	OIT 59124, OAT 647880, OST 647880, Next 647881


GFI6100290	Wed Nov 06 13:22:41 2019
	Sweep is finished
	Database "C:\USERS\AKO071\AK\OCEANSHELL-GIT\OCEANSHELL\DATABASES\GLODAPV2_2019_PRODUCT.FDB" 
	OIT 647879, OAT 647880, OST 647880, Next 647882


SASHA-UX330	Thu Nov 07 11:30:11 2019
	LockManager::LockManager()
	Database is probably already opened by another engine instance in another Windows session


SASHA-UX330	Thu Nov 07 11:35:26 2019
	LockManager::LockManager()
	Database is probably already opened by another engine instance in another Windows session


SASHA-UX330	Thu Nov 07 11:49:42 2019
	LockManager::LockManager()
	Database is probably already opened by another engine instance in another Windows session


SASHA-UX330	Thu Nov 07 12:09:15 2019
	LockManager::LockManager()
	Database is probably already opened by another engine instance in another Windows session


SASHA-UX330	Thu Nov 07 12:09:22 2019
	LockManager::LockManager()
	Database is probably already opened by another engine instance in another Windows session


SASHA-UX330	Thu Nov 07 12:32:50 2019
	LockManager::LockManager()
	Database is probably already opened by another engine instance in another Windows session


SASHA-UX330	Thu Nov 07 12:35:58 2019
	LockManager::LockManager()
	Database is probably already opened by another engine instance in another Windows session


SASHA-UX330	Thu Nov 07 12:49:57 2019
	LockManager::LockManager()
	Database is probably already opened by another engine instance in another Windows session


SASHA-UX330	Thu Nov 07 12:52:38 2019
	LockManager::LockManager()
	Database is probably already opened by another engine instance in another Windows session


GFI6100290	Mon Nov 11 09:16:15 2019
	Sweep is started by SWEEPER
	Database "C:\USERS\AKO071\AK\OCEANSHELL-GIT\OCEANSHELL\DATABASES\BACKUP\GLODAPV2_2019_PRODUCT.FDB" 
	OIT 59124, OAT 647880, OST 647880, Next 647881


GFI6100290	Mon Nov 11 09:16:17 2019
	Sweep is finished
	Database "C:\USERS\AKO071\AK\OCEANSHELL-GIT\OCEANSHELL\DATABASES\BACKUP\GLODAPV2_2019_PRODUCT.FDB" 
	OIT 647879, OAT 647880, OST 647880, Next 647882


GFI6100290	Mon Nov 11 13:29:53 2019
	Sweep is started by SWEEPER
	Database "C:\USERS\AKO071\AK\OCEANSHELL-GIT\OCEANSHELL\DATABASES\GLODAPV2_2019_PRODUCT.FDB" 
	OIT 70134, OAT 658947, OST 658947, Next 658948


GFI6100290	Mon Nov 11 13:29:56 2019
	Sweep is finished
	Database "C:\USERS\AKO071\AK\OCEANSHELL-GIT\OCEANSHELL\DATABASES\GLODAPV2_2019_PRODUCT.FDB" 
	OIT 658946, OAT 658947, OST 658947, Next 658949


SASHA-UX330	Sat Apr 18 11:59:00 2020
	Sweep is started by SWEEPER
	Database "X:\OCEANSHELL\DATABASES\ITP.FDB" 
	OIT 646, OAT 56742, OST 56742, Next 56742


SASHA-UX330	Sat Apr 18 11:59:01 2020
	Sweep is finished
	Database "X:\OCEANSHELL\DATABASES\ITP.FDB" 
	OIT 56741, OAT 56742, OST 56742, Next 56744


SASHA-UX330	Mon Apr 20 01:10:00 2020
	Sweep is started by SWEEPER
	Database "C:\_ITP\FINAL\UNZIPPED\ITP.FDB" 
	OIT 87526908, OAT 98202867, OST 98202867, Next 98202901


SASHA-UX330	Mon Apr 20 01:10:15 2020
	Sweep is finished
	Database "C:\_ITP\FINAL\UNZIPPED\ITP.FDB" 
	OIT 98202866, OAT 98202867, OST 98202867, Next 98202904


SASHA-UX330	Tue Apr 21 22:43:06 2020
	Sweep is started by SWEEPER
	Database "X:\OCEANSHELL\DATABASES\ITP.FDB" 
	OIT 57255, OAT 413132, OST 413132, Next 413132


SASHA-UX330	Tue Apr 21 22:43:08 2020
	Sweep is finished
	Database "X:\OCEANSHELL\DATABASES\ITP.FDB" 
	OIT 413131, OAT 413132, OST 413132, Next 413134


SASHA-UX330	Fri May 01 14:17:08 2020
	Sweep is started by SWEEPER
	Database "C:\_ITP\FINAL\UNZIPPED\ITP.FDB" 
	OIT 169, OAT 161084, OST 161084, Next 161084


SASHA-UX330	Fri May 01 14:18:05 2020
	Shutting down the server with 1 active connection(s) to 1 database(s), 0 active service(s)


SASHA-UX330	Fri May 01 14:18:05 2020
	Error during sweep of C:\_ITP\FINAL\UNZIPPED\ITP.FDB:
	connection shutdown


SASHA-UX330	Fri May 01 14:19:32 2020
	Sweep is started by SWEEPER
	Database "C:\_ITP\FINAL\UNZIPPED\ITP.FDB" 
	OIT 169, OAT 161089, OST 161089, Next 161090


SASHA-UX330	Fri May 01 14:32:28 2020
	Sweep is finished
	Database "C:\_ITP\FINAL\UNZIPPED\ITP.FDB" 
	OIT 161088, OAT 161089, OST 161089, Next 161093


SASHA-UX330	Fri May 01 22:15:29 2020
	Sweep is started by SWEEPER
	Database "C:\_ITP\FINAL\UNZIPPED\ITP.FDB" 
	OIT 161097, OAT 181396, OST 181396, Next 181396


SASHA-UX330	Fri May 01 22:17:03 2020
	Sweep is finished
	Database "C:\_ITP\FINAL\UNZIPPED\ITP.FDB" 
	OIT 181395, OAT 181398, OST 181396, Next 186796


SASHA-UX330	Wed May 06 15:59:34 2020
	Sweep is started by SWEEPER
	Database "C:\_ITP\FINAL\UNZIPPED\ITP.FDB" 
	OIT 201608, OAT 236343, OST 236343, Next 240208


SASHA-UX330	Wed May 06 15:59:35 2020
	Sweep is finished
	Database "C:\_ITP\FINAL\UNZIPPED\ITP.FDB" 
	OIT 236342, OAT 236343, OST 236343, Next 240210


SASHA-UX330	Wed May 06 22:10:56 2020
	Sweep is started by SWEEPER
	Database "C:\_ITP\FINAL\UNZIPPED\ITP.FDB" 
	OIT 236342, OAT 264389, OST 264389, Next 291227


SASHA-UX330	Wed May 06 22:10:57 2020
	Sweep is finished
	Database "C:\_ITP\FINAL\UNZIPPED\ITP.FDB" 
	OIT 264388, OAT 264389, OST 264389, Next 291228


SASHA-UX330	Wed May 06 22:16:32 2020
	Sweep is started by SWEEPER
	Database "C:\_ITP\FINAL\UNZIPPED\ITP.FDB" 
	OIT 264388, OAT 301780, OST 301780, Next 301781


SASHA-UX330	Wed May 06 22:16:32 2020
	Sweep is finished
	Database "C:\_ITP\FINAL\UNZIPPED\ITP.FDB" 
	OIT 301779, OAT 301780, OST 301780, Next 301783


SASHA-UX330	Wed May 06 22:40:50 2020
	Sweep is started by SWEEPER
	Database "C:\_ITP\FINAL\UNZIPPED\ITP.FDB" 
	OIT 301780, OAT 324943, OST 324943, Next 331016


SASHA-UX330	Wed May 06 22:40:51 2020
	Sweep is finished
	Database "C:\_ITP\FINAL\UNZIPPED\ITP.FDB" 
	OIT 324942, OAT 324943, OST 324943, Next 331018


SASHA-UX330	Wed May 06 23:22:58 2020
	Sweep is started by SWEEPER
	Database "C:\_ITP\FINAL\UNZIPPED\ITP.FDB" 
	OIT 324942, OAT 364092, OST 364092, Next 364093


SASHA-UX330	Wed May 06 23:22:58 2020
	Sweep is finished
	Database "C:\_ITP\FINAL\UNZIPPED\ITP.FDB" 
	OIT 364091, OAT 364092, OST 364092, Next 364095


SASHA-UX330	Sat May 09 18:30:49 2020
	Sweep is started by SWEEPER
	Database "C:\_ITP\FINAL\UNZIPPED\ITP.FDB" 
	OIT 411262, OAT 513618, OST 513618, Next 513618


SASHA-UX330	Sat May 09 18:31:19 2020
	Sweep is finished
	Database "C:\_ITP\FINAL\UNZIPPED\ITP.FDB" 
	OIT 513617, OAT 513618, OST 513618, Next 513621


SASHA-UX330	Sat May 09 21:22:39 2020
	Sweep is started by SWEEPER
	Database "C:\_ITP\FINAL\UNZIPPED\ITP.FDB" 
	OIT 513619, OAT 567474, OST 567474, Next 567503


SASHA-UX330	Sat May 09 21:22:39 2020
	Sweep is finished
	Database "C:\_ITP\FINAL\UNZIPPED\ITP.FDB" 
	OIT 567473, OAT 567474, OST 567474, Next 567505


SASHA-UX330	Sun May 10 12:17:39 2020
	Sweep is started by SWEEPER
	Database "C:\_ITP\FINAL\UNZIPPED\ITP.FDB" 
	OIT 567475, OAT 649501, OST 649501, Next 649501


SASHA-UX330	Sun May 10 12:17:40 2020
	Sweep is finished
	Database "C:\_ITP\FINAL\UNZIPPED\ITP.FDB" 
	OIT 649500, OAT 649501, OST 649501, Next 649504


SASHA-UX330	Sun May 10 15:42:50 2020
	Sweep is started by SWEEPER
	Database "C:\_ITP\FINAL\UNZIPPED\ITP.FDB" 
	OIT 649510, OAT 711441, OST 711441, Next 711442


SASHA-UX330	Sun May 10 15:43:02 2020
	Sweep is finished
	Database "C:\_ITP\FINAL\UNZIPPED\ITP.FDB" 
	OIT 711440, OAT 711441, OST 711441, Next 711444


SASHA-UX330	Sun May 10 23:28:50 2020
	Sweep is started by SWEEPER
	Database "C:\_ITP\FINAL\UNZIPPED\ITP.FDB" 
	OIT 711464, OAT 745400, OST 745400, Next 745401


SASHA-UX330	Sun May 10 23:28:51 2020
	Sweep is finished
	Database "C:\_ITP\FINAL\UNZIPPED\ITP.FDB" 
	OIT 745399, OAT 745400, OST 745400, Next 745403


SASHA-UX330	Sat May 30 02:36:17 2020
	Sweep is started by SWEEPER
	Database "X:\OCEANSHELL\DATABASES\OCEAN.FDB" 
	OIT 9251, OAT 201577, OST 201577, Next 201578


SASHA-UX330	Sat May 30 02:36:29 2020
	Shutting down the server with 1 active connection(s) to 1 database(s), 0 active service(s)


SASHA-UX330	Sat May 30 02:36:29 2020
	JProvider::shutdown:
	Firebird shutdown is still in progress after the specified timeout


SASHA-UX330	Sat May 30 02:36:30 2020
	Error during sweep of X:\OCEANSHELL\DATABASES\OCEAN.FDB:
	connection shutdown


SASHA-UX330	Sat May 30 02:36:57 2020
	Sweep is started by SWEEPER
	Database "X:\OCEANSHELL\DATABASES\OCEAN.FDB" 
	OIT 9251, OAT 201581, OST 201581, Next 201581


SASHA-UX330	Sat May 30 02:37:10 2020
	Shutting down the server with 1 active connection(s) to 1 database(s), 0 active service(s)


SASHA-UX330	Sat May 30 02:37:10 2020
	JProvider::shutdown:
	Firebird shutdown is still in progress after the specified timeout


SASHA-UX330	Sat May 30 02:37:10 2020
	Error during sweep of X:\OCEANSHELL\DATABASES\OCEAN.FDB:
	connection shutdown


SASHA-UX330	Sat May 30 02:37:42 2020
	Sweep is started by SWEEPER
	Database "X:\OCEANSHELL\DATABASES\OCEAN.FDB" 
	OIT 9251, OAT 201585, OST 201585, Next 201585


SASHA-UX330	Sat May 30 02:40:22 2020
	Sweep is started by SWEEPER
	Database "X:\OCEANSHELL\DATABASES\OCEAN.FDB" 
	OIT 9251, OAT 201586, OST 201585, Next 201590


SASHA-UX330	Sat May 30 02:46:22 2020
	Sweep is started by SWEEPER
	Database "X:\OCEANSHELL\DATABASES\OCEAN.FDB" 
	OIT 9251, OAT 201590, OST 201590, Next 216610


SASHA-UX330	Sat May 30 02:49:57 2020
	Shutting down the server with 1 active connection(s) to 1 database(s), 0 active service(s)


SASHA-UX330	Sat May 30 02:49:58 2020
	JProvider::shutdown:
	Firebird shutdown is still in progress after the specified timeout


SASHA-UX330	Sat May 30 02:49:59 2020
	Error during sweep of X:\OCEANSHELL\DATABASES\OCEAN.FDB:
	connection shutdown


SASHA-UX330	Sat May 30 02:53:57 2020
	Sweep is started by SWEEPER
	Database "X:\OCEANSHELL\DATABASES\OCEAN.FDB" 
	OIT 9251, OAT 220538, OST 220538, Next 220538


SASHA-UX330	Sat May 30 02:55:26 2020
	Shutting down the server with 1 active connection(s) to 1 database(s), 0 active service(s)


SASHA-UX330	Sat May 30 02:55:26 2020
	JProvider::shutdown:
	Firebird shutdown is still in progress after the specified timeout


SASHA-UX330	Sat May 30 02:55:27 2020
	Error during sweep of X:\OCEANSHELL\DATABASES\OCEAN.FDB:
	connection shutdown


SASHA-UX330	Sun May 31 12:56:38 2020
	Sweep is started by SWEEPER
	Database "X:\OCEANSHELL\DATABASES\OCEAN.FDB" 
	OIT 221440, OAT 296457, OST 296457, Next 296457


SASHA-UX330	Sun May 31 12:56:45 2020
	Sweep is finished
	Database "X:\OCEANSHELL\DATABASES\OCEAN.FDB" 
	OIT 296456, OAT 296457, OST 296457, Next 296459


SASHA-UX330	Fri Jun 05 12:58:17 2020
	Sweep is started by SWEEPER
	Database "X:\OCEANSHELL\DATABASES\ARGO.FDB" 
	OIT 427712, OAT 863978, OST 863978, Next 864001


SASHA-UX330	Fri Jun 05 12:58:18 2020
	Sweep is finished
	Database "X:\OCEANSHELL\DATABASES\ARGO.FDB" 
	OIT 863977, OAT 863978, OST 863978, Next 864003


SASHA-UX330	Fri Jun 05 21:11:41 2020
	Sweep is started by SWEEPER
	Database "X:\OCEANSHELL\DATABASES\ARGO.FDB" 
	OIT 863988, OAT 2736072, OST 2736072, Next 2736077


SASHA-UX330	Fri Jun 05 21:11:47 2020
	Sweep is finished
	Database "X:\OCEANSHELL\DATABASES\ARGO.FDB" 
	OIT 2736071, OAT 2736072, OST 2736072, Next 2736078


SASHA-UX330	Sat Jun 06 00:34:27 2020
	Sweep is started by SWEEPER
	Database "X:\OCEANSHELL\DATABASES\ARGO.FDB" 
	OIT 2736756, OAT 3677815, OST 3677815, Next 3700984


SASHA-UX330	Sat Jun 06 00:35:00 2020
	Sweep is finished
	Database "X:\OCEANSHELL\DATABASES\ARGO.FDB" 
	OIT 3677814, OAT 3677815, OST 3677815, Next 3702084


SASHA-UX330	Tue Jun 23 09:52:18 2020
	Sweep is started by SWEEPER
	Database "C:\OCEANSHELL\DATABASES\OCEAN.FDB" 
	OIT 2286, OAT 22457, OST 22457, Next 22458


SASHA-UX330	Tue Jun 23 09:54:58 2020
	Sweep is started by SWEEPER
	Database "C:\OCEANSHELL\DATABASES\OCEAN.FDB" 
	OIT 2286, OAT 24364, OST 24364, Next 24365


SASHA-UX330	Tue Jun 23 09:55:57 2020
	Shutting down the server with 1 active connection(s) to 1 database(s), 0 active service(s)


SASHA-UX330	Tue Jun 23 09:55:57 2020
	JProvider::shutdown:
	Firebird shutdown is still in progress after the specified timeout


SASHA-UX330	Tue Jun 23 09:55:57 2020
	Error during sweep of C:\OCEANSHELL\DATABASES\OCEAN.FDB:
	connection shutdown


SASHA-UX330	Tue Jun 23 09:57:34 2020
	Sweep is started by SWEEPER
	Database "C:\OCEANSHELL\DATABASES\OCEAN.FDB" 
	OIT 2286, OAT 24773, OST 24773, Next 24774


SASHA-UX330	Tue Jun 23 09:58:34 2020
	Shutting down the server with 1 active connection(s) to 1 database(s), 0 active service(s)


SASHA-UX330	Tue Jun 23 09:58:34 2020
	Error during sweep of C:\OCEANSHELL\DATABASES\OCEAN.FDB:
	connection shutdown


SASHA-UX330	Tue Jun 23 09:58:35 2020
	JProvider::shutdown:
	Firebird shutdown is still in progress after the specified timeout


SASHA-UX330	Tue Jun 23 10:02:01 2020
	Sweep is started by SWEEPER
	Database "C:\OCEANSHELL\DATABASES\OCEAN.FDB" 
	OIT 2286, OAT 25385, OST 25385, Next 25386


SASHA-UX330	Tue Jun 23 10:05:06 2020
	Shutting down the server with 1 active connection(s) to 1 database(s), 0 active service(s)


SASHA-UX330	Tue Jun 23 10:05:06 2020
	JProvider::shutdown:
	Firebird shutdown is still in progress after the specified timeout


SASHA-UX330	Tue Jun 23 10:05:07 2020
	Error during sweep of C:\OCEANSHELL\DATABASES\OCEAN.FDB:
	connection shutdown


SASHA-UX330	Tue Jun 23 10:18:15 2020
	Sweep is started by SWEEPER
	Database "C:\OCEANSHELL\DATABASES\OCEAN.FDB" 
	OIT 2286, OAT 25639, OST 25639, Next 25640


SASHA-UX330	Tue Jun 23 10:19:03 2020
	Sweep is finished
	Database "C:\OCEANSHELL\DATABASES\OCEAN.FDB" 
	OIT 25638, OAT 25640, OST 25639, Next 25884


SASHA-UX330	Thu Jul 02 12:40:49 2020
	Sweep is started by SWEEPER
	Database "C:\OCEANSHELL\DATABASES\OCEAN.FDB" 
	OIT 26254, OAT 105262, OST 105262, Next 105263


SASHA-UX330	Thu Jul 02 12:40:52 2020
	Sweep is finished
	Database "C:\OCEANSHELL\DATABASES\OCEAN.FDB" 
	OIT 105261, OAT 105262, OST 105262, Next 105264


SASHA-UX330	Wed Jul 08 10:17:30 2020
	Sweep is started by SWEEPER
	Database "C:\OCEANSHELL\DATABASES\OCEAN.FDB" 
	OIT 105262, OAT 153776, OST 153776, Next 153777


SASHA-UX330	Wed Jul 08 10:17:31 2020
	Sweep is finished
	Database "C:\OCEANSHELL\DATABASES\OCEAN.FDB" 
	OIT 153775, OAT 153776, OST 153776, Next 153778


SASHA-UX330	Wed Jul 08 23:33:56 2020
	Sweep is started by SWEEPER
	Database "C:\OCEANSHELL\DATABASES\OCEAN.FDB" 
	OIT 153775, OAT 176380, OST 176380, Next 176381


SASHA-UX330	Wed Jul 08 23:33:59 2020
	Sweep is finished
	Database "C:\OCEANSHELL\DATABASES\OCEAN.FDB" 
	OIT 176379, OAT 176380, OST 176380, Next 176382


SASHA-UX330	Wed Jul 08 23:57:55 2020
	Sweep is started by SWEEPER
	Database "C:\OCEANSHELL\DATABASES\OCEAN.FDB" 
	OIT 181421, OAT 221721, OST 221721, Next 221722


SASHA-UX330	Wed Jul 08 23:57:56 2020
	Sweep is finished
	Database "C:\OCEANSHELL\DATABASES\OCEAN.FDB" 
	OIT 221720, OAT 221721, OST 221721, Next 221723


SASHA-UX330	Sat Jul 11 10:29:04 2020
	Sweep is started by SWEEPER
	Database "C:\OCEANSHELL\DATABASES\OCEAN.FDB" 
	OIT 221720, OAT 241814, OST 241814, Next 241815


SASHA-UX330	Sat Jul 11 10:29:04 2020
	Sweep is finished
	Database "C:\OCEANSHELL\DATABASES\OCEAN.FDB" 
	OIT 241813, OAT 241814, OST 241814, Next 241816

